<?xml version="1.0" encoding="UTF-8"?>
<!-- Generated by org.testng.reporters.JUnitReportReporter -->
<testsuite hostname="LAPTOP-1UNI7991" name="com.currencyapi.tests.ConvertCurrency" tests="7" failures="0" timestamp="4 Apr 2020 13:26:07 GMT" time="1.269" errors="0">
  <testcase name="verifyConvertCurrencyTest" time="0.008" classname="com.currencyapi.tests.ConvertCurrency"/>
  <testcase name="verifyConvertCurrencyTest" time="1.220" classname="com.currencyapi.tests.ConvertCurrency"/>
  <testcase name="verifyConvertCurrencyTest" time="0.007" classname="com.currencyapi.tests.ConvertCurrency"/>
  <testcase name="verifyConvertCurrencyTest" time="0.008" classname="com.currencyapi.tests.ConvertCurrency"/>
  <testcase name="verifyConvertCurrencyTest" time="0.006" classname="com.currencyapi.tests.ConvertCurrency"/>
  <testcase name="verifyConvertCurrencyTest" time="0.009" classname="com.currencyapi.tests.ConvertCurrency"/>
  <testcase name="verifyConvertCurrencyTest" time="0.011" classname="com.currencyapi.tests.ConvertCurrency"/>
</testsuite> <!-- com.currencyapi.tests.ConvertCurrency -->
