<?xml version="1.0" encoding="UTF-8"?>
<!-- Generated by org.testng.reporters.JUnitReportReporter -->
<testsuite hostname="LAPTOP-1UNI7991" name="com.currencyapi.tests.GetAvailableCurrencies" tests="1" failures="0" timestamp="3 Apr 2020 11:26:19 GMT" time="2.832" errors="0">
  <testcase name="verifyAvailableCurrenciesTest" time="2.832" classname="com.currencyapi.tests.GetAvailableCurrencies"/>
</testsuite> <!-- com.currencyapi.tests.GetAvailableCurrencies -->
