<?xml version="1.0" encoding="UTF-8"?>
<!-- Generated by org.testng.reporters.JUnitReportReporter -->
<testsuite skipped="0" hostname="LAPTOP-1UNI7991" name="com.currencyapi.tests.ConvertCurrency" tests="1" failures="0" timestamp="03 Apr 2020 11:27:29 GMT" time="8.007" errors="0">
  <testcase name="verifyConvertCurrencyTest" time="8.007" classname="com.currencyapi.tests.ConvertCurrency"/>
</testsuite> <!-- com.currencyapi.tests.ConvertCurrency -->
