<?xml version="1.0" encoding="UTF-8"?>
<!-- Generated by org.testng.reporters.JUnitReportReporter -->
<testsuite skipped="0" hostname="LAPTOP-1UNI7991" name="com.currencyapi.tests.GetAvailableCurrencies" tests="1" failures="0" timestamp="03 Apr 2020 11:27:29 GMT" time="1.440" errors="0">
  <testcase name="verifyAvailableCurrenciesTest" time="1.440" classname="com.currencyapi.tests.GetAvailableCurrencies"/>
</testsuite> <!-- com.currencyapi.tests.GetAvailableCurrencies -->
