<?xml version="1.0" encoding="UTF-8"?>
<!-- Generated by org.testng.reporters.JUnitReportReporter -->
<testsuite skipped="0" hostname="LAPTOP-1UNI7991" name="com.currencyapi.tests.GetHistoricalCurrencyRate" tests="1" failures="0" timestamp="03 Apr 2020 11:27:29 GMT" time="3.392" errors="0">
  <testcase name="verifyHistoricalCurrencyRateTest" time="3.392" classname="com.currencyapi.tests.GetHistoricalCurrencyRate"/>
</testsuite> <!-- com.currencyapi.tests.GetHistoricalCurrencyRate -->
